
SQL*Loader: Release 10.2.0.1.0 - Production on Fri Jul 31 12:56:38 2009

Copyright (c) 1982, 2005, Oracle.  All rights reserved.

Control File:   zstg_Tumor.ctl
Data File:      /cabio/cabiodb/caMOD/data/TUMOR.txt
  Bad File:     zstg_Tumor.bad
  Discard File:  none specified
 
 (Allow all discards)

Number to load: ALL
Number to skip: 1
Errors allowed: 5000
Continuation:    none specified
Path used:      Direct

Table ZSTG_TUMOR, loaded from every logical record.
Insert option in effect for this table: REPLACE
TRAILING NULLCOLS option in effect

   Column Name                  Position   Len  Term Encl Datatype
------------------------------ ---------- ----- ---- ---- ---------------------
TUMORID                             FIRST     *  WHT      CHARACTER            
TUMORKEY                             NEXT     *  WHT      CHARACTER            
TUMORNAME                            NEXT     *  WHT      CHARACTER            
TUMORSYNONYMS                        NEXT 50000  WHT      CHARACTER            
STRAINKEY                            NEXT     *  WHT      CHARACTER            
STRAINNAME                           NEXT     *  WHT      CHARACTER            
STRAINSYNONYMS                       NEXT 50000  WHT      CHARACTER            
STRAINTYPES                          NEXT     *  WHT      CHARACTER            
STRAINGENERALNOTE                    NEXT     *  WHT      CHARACTER            
ORGANKEY                             NEXT     *  WHT      CHARACTER            
ORGANAFFECTED                        NEXT     *  WHT      CHARACTER            
SEX                                  NEXT     *  WHT      CHARACTER            
REPRODUCTIVESTATUS                   NEXT     *  WHT      CHARACTER            
TUMORFREQUENCY                       NEXT     *  WHT      CHARACTER            
AGEOFONSET                           NEXT     *  WHT      CHARACTER            
AGEOFDETECTION                       NEXT     *  WHT      CHARACTER            
HASIMAGES                            NEXT     *  WHT      CHARACTER            

SQL*Loader-292: ROWS parameter ignored when an XML, LOB or VARRAY column is loaded

Table ZSTG_TUMOR:
  33995 Rows successfully loaded.
  0 Rows not loaded due to data errors.
  0 Rows not loaded because all WHEN clauses were failed.
  0 Rows not loaded because all fields were null.

Bind array size not used in direct path.
Column array  rows :    1000
Stream buffer bytes:  256000
Read   buffer bytes: 1048576

Total logical records skipped:          1
Total logical records read:         33995
Total logical records rejected:         0
Total logical records discarded:        0
Total stream buffers loaded by SQL*Loader main thread:       40
Total stream buffers loaded by SQL*Loader load thread:       29

Run began on Fri Jul 31 12:56:38 2009
Run ended on Fri Jul 31 12:56:39 2009

Elapsed time was:     00:00:01.52
CPU time was:         00:00:00.20
