
SQL*Loader: Release 10.2.0.1.0 - Production on Fri Jul 31 12:56:39 2009

Copyright (c) 1982, 2005, Oracle.  All rights reserved.

Control File:   zstg_Reference.ctl
Data File:      /cabio/cabiodb/caMOD/data/REFERENCE.txt
  Bad File:     zstg_Reference.bad
  Discard File:  none specified
 
 (Allow all discards)

Number to load: ALL
Number to skip: 1
Errors allowed: 5000
Continuation:    none specified
Path used:      Direct

Table ZSTG_REFERENCE, loaded from every logical record.
Insert option in effect for this table: REPLACE
TRAILING NULLCOLS option in effect

   Column Name                  Position   Len  Term Encl Datatype
------------------------------ ---------- ----- ---- ---- ---------------------
REFKEY                              FIRST     *  WHT      CHARACTER            
TITLE                                NEXT     *  WHT      CHARACTER            
TITLE2                               NEXT     *  WHT      CHARACTER            
AUTHORS                              NEXT     *  WHT      CHARACTER            
AUTHORS2                             NEXT     *  WHT      CHARACTER            
JOURNAL                              NEXT     *  WHT      CHARACTER            
VOLUME                               NEXT     *  WHT      CHARACTER            
YEAR                                 NEXT     *  WHT      CHARACTER            
PAGES                                NEXT     *  WHT      CHARACTER            
JNUM                                 NEXT     *  WHT      CHARACTER            
PMID                                 NEXT     *  WHT      CHARACTER            


Table ZSTG_REFERENCE:
  9689 Rows successfully loaded.
  0 Rows not loaded due to data errors.
  0 Rows not loaded because all WHEN clauses were failed.
  0 Rows not loaded because all fields were null.

Bind array size not used in direct path.
Column array  rows :    1000
Stream buffer bytes:  256000
Read   buffer bytes: 1048576

Total logical records skipped:          1
Total logical records read:          9689
Total logical records rejected:         0
Total logical records discarded:        0
Total stream buffers loaded by SQL*Loader main thread:       12
Total stream buffers loaded by SQL*Loader load thread:        0

Run began on Fri Jul 31 12:56:39 2009
Run ended on Fri Jul 31 12:56:40 2009

Elapsed time was:     00:00:00.30
CPU time was:         00:00:00.05
